Start Program 2022-05-25 20:47:44.527857
2022-05-25 20:47:44.529121 Initiate Server
2022-05-25 20:47:44.529711 Import / testPageLength.py
2022-05-25 20:47:44.531120 Import /index.html testPageLength.py
2022-05-25 20:47:44.531775 Import /test1 testPageLength.py
2022-05-25 20:47:44.532215 Import /test2 testPageNoLength.py
2022-05-25 20:47:44.533678 Import /test3 testSocket.py
2022-05-25 20:47:44.535005 Import /socket testSocket.py


Start Program 2022-07-26 22:29:19.262936
2022-07-26 22:29:19.265513 Initiate Server
2022-07-26 22:29:19.265807 Import / testPageLength.py
2022-07-26 22:29:19.266866 Import /index.html testPageLength.py
2022-07-26 22:29:19.267156 Import /test1 testPageLength.py
2022-07-26 22:29:19.267316 Import /test2 testPageNoLength.py
2022-07-26 22:29:19.268250 Import /test3 testSocket.py
2022-07-26 22:29:19.269246 Import /socket testSocket.py
2022-07-26 22:29:28.128342 Started Connection 0
2022-07-26 22:29:28.139881 Started Connection 1
2022-07-26 22:29:28.144446 0 Got Request
2022-07-26 22:29:28.145252 0 has requested / By {'IP': '127.0.0.1', 'Port': 42376}
2022-07-26 22:29:28.456175 0 Got Request
2022-07-26 22:29:28.456381 0 has requested /favicon.ico By {'IP': '127.0.0.1', 'Port': 42376}
2022-07-26 22:29:33.812088 0 Got Request
2022-07-26 22:29:33.812273 0 has requested /test By {'IP': '127.0.0.1', 'Port': 42376}
2022-07-26 22:29:48.416310 0 Got Request
2022-07-26 22:29:48.416487 0 has requested /test1 By {'IP': '127.0.0.1', 'Port': 42376}
2022-07-26 22:29:50.539545 0 Got Request
2022-07-26 22:29:50.539733 0 has requested /test2 By {'IP': '127.0.0.1', 'Port': 42376}
2022-07-26 22:29:50.540069 0 Died
2022-07-26 22:29:54.690590 1 Got Request
2022-07-26 22:29:54.691713 1 has requested /test2 By {'IP': '127.0.0.1', 'Port': 42378}
2022-07-26 22:29:54.693680 Started Connection 2
2022-07-26 22:29:54.694073 1 Died
2022-07-26 22:29:57.243225 Started Connection 3
2022-07-26 22:29:57.246559 2 Got Request
2022-07-26 22:29:57.247723 2 has requested /test3 By {'IP': '127.0.0.1', 'Port': 42404}
2022-07-26 22:29:57.370837 Started Connection 4
2022-07-26 22:29:57.373781 4 Got Request
2022-07-26 22:29:57.373992 4 has requested /socket By {'IP': '127.0.0.1', 'Port': 42418}
2022-07-26 22:30:22.473195 2 Got Request
2022-07-26 22:30:22.473733 2 has requested /test3 By {'IP': '127.0.0.1', 'Port': 42404}
2022-07-26 22:30:22.504102 4 Died
2022-07-26 22:30:22.574775 Started Connection 5
2022-07-26 22:30:22.574963 5 Got Request
2022-07-26 22:30:22.575182 5 has requested /socket By {'IP': '127.0.0.1', 'Port': 42428}
2022-07-26 22:30:23.325148 2 Got Request
2022-07-26 22:30:23.326773 2 has requested /test3 By {'IP': '127.0.0.1', 'Port': 42404}
2022-07-26 22:30:23.353846 5 Died
2022-07-26 22:30:23.419279 Started Connection 6
2022-07-26 22:30:23.419730 6 Got Request
2022-07-26 22:30:23.420034 6 has requested /socket By {'IP': '127.0.0.1', 'Port': 42432}
2022-07-26 22:30:24.577608 2 Got Request
2022-07-26 22:30:24.577880 2 has requested /test3 By {'IP': '127.0.0.1', 'Port': 42404}
2022-07-26 22:30:24.606379 6 Died
2022-07-26 22:30:24.660208 Started Connection 7
2022-07-26 22:30:24.660559 7 Got Request
2022-07-26 22:30:24.660917 7 has requested /socket By {'IP': '127.0.0.1', 'Port': 42436}
2022-07-26 22:31:00.558404 3 Died
2022-07-26 22:32:09.386813 Started Connection 8
2022-07-26 22:32:09.402328 2 Got Request
2022-07-26 22:32:09.402547 2 has requested /test3 By {'IP': '127.0.0.1', 'Port': 42404}
2022-07-26 22:32:09.434290 7 Died
2022-07-26 22:32:09.576216 Started Connection 9
2022-07-26 22:32:09.578612 9 Got Request
2022-07-26 22:32:09.578813 9 has requested /socket By {'IP': '127.0.0.1', 'Port': 42636}
2022-07-26 22:34:52.110110 8 Died


Start Program 2022-07-26 22:35:48.949523
2022-07-26 22:35:48.949711 Initiate Server
2022-07-26 22:35:48.952918 Import / testPageLength.py
2022-07-26 22:35:48.955322 Import /index.html testPageLength.py
2022-07-26 22:35:48.956809 Import /test1 testPageLength.py
2022-07-26 22:35:48.958523 Import /test2 testPageNoLength.py
2022-07-26 22:35:48.963016 Import /test3 testSocket.py
2022-07-26 22:35:48.964779 Import /socket testSocket.py
2022-07-26 22:35:56.286660 Started Connection 0
2022-07-26 22:35:56.287302 0 Got Request
2022-07-26 22:35:56.310050 0 has requested /test3 By {'IP': '127.0.0.1', 'Port': 44544}
2022-07-26 22:35:56.312647 Started Connection 1
2022-07-26 22:35:56.442042 Started Connection 2
2022-07-26 22:35:56.442474 2 Got Request
2022-07-26 22:35:56.445897 2 has requested /socket By {'IP': '127.0.0.1', 'Port': 44558}


Start Program 2022-07-26 22:36:31.004297
2022-07-26 22:36:31.004506 Initiate Server
2022-07-26 22:36:31.006592 Import / testPageLength.py
2022-07-26 22:36:31.009223 Import /index.html testPageLength.py
2022-07-26 22:36:31.011297 Import /test1 testPageLength.py
2022-07-26 22:36:31.012478 Import /test2 testPageNoLength.py
2022-07-26 22:36:31.015710 Import /test3 testSocket.py
2022-07-26 22:36:31.017440 Import /socket testSocket.py
2022-07-26 22:36:34.006334 0 Got Request
2022-07-26 22:36:34.010117 0 has requested /test3 By {'IP': '127.0.0.1', 'Port': 44544}
2022-07-26 22:36:34.038115 2 Died
2022-07-26 22:36:34.114974 Started Connection 0
2022-07-26 22:36:34.121966 0 Got Request
2022-07-26 22:36:34.138713 0 has requested /socket By {'IP': '127.0.0.1', 'Port': 44866}
2022-07-26 22:36:34.146065 0 Got Request
2022-07-26 22:36:34.153436 0 ERROR 500 'bool' object has no attribute 'decode'


Start Program 2022-07-26 22:38:42.250591
2022-07-26 22:38:42.250800 Initiate Server
2022-07-26 22:38:42.252270 Import / testPageLength.py
2022-07-26 22:38:42.254225 Import /index.html testPageLength.py
2022-07-26 22:38:42.256033 Import /test1 testPageLength.py
2022-07-26 22:38:42.257429 Import /test2 testPageNoLength.py
2022-07-26 22:38:42.261416 Import /test3 testSocket.py
2022-07-26 22:38:42.263171 Import /socket testSocket.py
2022-07-26 22:38:49.935350 Started Connection 3
2022-07-26 22:38:49.935456 3 Got Request
2022-07-26 22:38:49.979231 3 has requested / By {'IP': '127.0.0.1', 'Port': 45962}
2022-07-26 22:38:50.034616 3 Got Request
2022-07-26 22:38:50.038084 3 has requested /favicon.ico By {'IP': '127.0.0.1', 'Port': 45962}
2022-07-26 22:38:53.237731 3 Got Request
2022-07-26 22:38:53.261199 3 has requested /test3 By {'IP': '127.0.0.1', 'Port': 45962}
2022-07-26 22:38:53.343762 Started Connection 4
2022-07-26 22:38:53.343828 4 Got Request
2022-07-26 22:38:53.375217 4 has requested /socket By {'IP': '127.0.0.1', 'Port': 45998}


Start Program 2022-07-26 22:39:14.110909
2022-07-26 22:39:14.111132 Initiate Server
2022-07-26 22:39:14.112555 Import / testPageLength.py
2022-07-26 22:39:14.114834 Import /index.html testPageLength.py
2022-07-26 22:39:14.116690 Import /test1 testPageLength.py
2022-07-26 22:39:14.118157 Import /test2 testPageNoLength.py
2022-07-26 22:39:14.122897 Import /test3 testSocket.py
2022-07-26 22:39:14.125041 Import /socket testSocket.py
2022-07-26 22:39:16.183235 0 Got Request
2022-07-26 22:39:16.183297 Started Connection 0
2022-07-26 22:39:16.185750 0 has requested /test3 By {'IP': '127.0.0.1', 'Port': 46180}
2022-07-26 22:39:16.218810 1 Got Request
2022-07-26 22:39:16.219139 Started Connection 1
2022-07-26 22:39:16.221681 1 has requested /socket By {'IP': '127.0.0.1', 'Port': 46182}


Start Program 2022-07-26 22:40:17.633877
2022-07-26 22:40:17.634045 Initiate Server
2022-07-26 22:40:17.636993 Import / testPageLength.py
2022-07-26 22:40:17.639265 Import /index.html testPageLength.py
2022-07-26 22:40:17.641102 Import /test1 testPageLength.py
2022-07-26 22:40:17.642959 Import /test2 testPageNoLength.py
2022-07-26 22:40:17.646765 Import /test3 testSocket.py
2022-07-26 22:40:17.648239 Import /socket testSocket.py
2022-07-26 22:40:24.973477 Started Connection 0
2022-07-26 22:40:24.973576 0 Got Request
2022-07-26 22:40:24.992909 0 has requested /test3 By {'IP': '127.0.0.1', 'Port': 46762}
2022-07-26 22:40:25.061380 Started Connection 1
2022-07-26 22:40:25.063387 1 Got Request
2022-07-26 22:40:25.069637 1 has requested /socket By {'IP': '127.0.0.1', 'Port': 46764}
2022-07-26 22:41:14.793730 2 Got Request
2022-07-26 22:41:14.793953 Started Connection 2
2022-07-26 22:41:14.798437 2 has requested push.services.mozilla.com:443 By {'IP': '127.0.0.1', 'Port': 47162}
2022-07-26 22:41:14.804505 2 Died


Start Program 2022-07-26 22:42:10.186435
2022-07-26 22:42:10.186563 Initiate Server
2022-07-26 22:42:10.188337 Import / testPageLength.py
2022-07-26 22:42:10.190651 Import /index.html testPageLength.py
2022-07-26 22:42:10.192652 Import /test1 testPageLength.py
2022-07-26 22:42:10.194019 Import /test2 testPageNoLength.py
2022-07-26 22:42:10.198288 Import /test3 testSocket.py
2022-07-26 22:42:10.200316 Import /socket testSocket.py
2022-07-26 22:42:13.313295 Started Connection 0
2022-07-26 22:42:13.313419 0 Got Request
2022-07-26 22:42:13.321395 0 has requested /test3 By {'IP': '127.0.0.1', 'Port': 47640}
2022-07-26 22:42:13.374438 Started Connection 1
2022-07-26 22:42:13.374517 1 Got Request
2022-07-26 22:42:13.378322 1 has requested /socket By {'IP': '127.0.0.1', 'Port': 47642}
2022-07-26 22:42:13.412707 1 Upgrading to Websocket
2022-07-26 22:42:13.415322 1 ERROR 500 'bytes' object has no attribute 'encode'


Start Program 2022-07-26 22:43:42.559238
2022-07-26 22:43:42.559500 Initiate Server
2022-07-26 22:43:42.561912 Import / testPageLength.py
2022-07-26 22:43:42.564942 Import /index.html testPageLength.py
2022-07-26 22:43:42.566951 Import /test1 testPageLength.py
2022-07-26 22:43:42.568654 Import /test2 testPageNoLength.py
2022-07-26 22:43:42.573534 Import /test3 testSocket.py
2022-07-26 22:43:42.576178 Import /socket testSocket.py
2022-07-26 22:43:45.160568 Started Connection 0
2022-07-26 22:43:45.160730 0 Got Request
2022-07-26 22:43:45.197657 0 has requested /test3 By {'IP': '127.0.0.1', 'Port': 48392}
2022-07-26 22:43:45.241391 Started Connection 1
2022-07-26 22:43:45.241469 1 Got Request
2022-07-26 22:43:45.248051 1 has requested /socket By {'IP': '127.0.0.1', 'Port': 48394}
2022-07-26 22:43:45.266950 1 Upgrading to Websocket
